<?xml version="1.0" encoding="UTF-8"?>
<!-- Generated by org.testng.reporters.JUnitReportReporter -->
<testsuite hostname="Admin-PC" failures="0" tests="1" name="practicerepopackage1.DemoRepo" time="0.016" errors="0" timestamp="2022-03-24T12:10:22 IST" skipped="0">
  <testcase classname="practicerepopackage1.DemoRepo" name="main" time="0.016"/>
  <system-out/>
</testsuite> <!-- practicerepopackage1.DemoRepo -->
