<?xml version="1.0" encoding="UTF-8"?>
<!-- Generated by org.testng.reporters.JUnitReportReporter -->
<testsuite hostname="Admin-PC" failures="0" tests="1" name="samplePackage1.SampleTest" time="0.098" errors="0" timestamp="2022-03-24T13:56:11 IST" skipped="0">
  <testcase classname="samplePackage1.SampleTest" name="main1" time="0.098"/>
  <system-out/>
</testsuite> <!-- samplePackage1.SampleTest -->
